<?xml version="1.0" encoding="UTF-8"?>
<!-- Generated by org.testng.reporters.JUnitXMLReporter -->
<testsuite hostname="PC238680" name="Default test(failed)" tests="1" failures="1" timestamp="19 May 2017 06:23:23 GMT" time="38.481" errors="0">
  <testcase name="VerifyPageTitleofthissite" time="38.452" classname="seleniumcommandspack.VerifyPageTitle">
    <failure type="java.lang.AssertionError" message="expected [Welcome: Mercury Tours!] but found [Welcome: Mercury Tours]">
      <![CDATA[java.lang.AssertionError: expected [Welcome: Mercury Tours!] but found [Welcome: Mercury Tours]
	at seleniumcommandspack.VerifyPageTitle.VerifyPageTitleofthissite(VerifyPageTitle.java:28)
	at runnerpackagge.TestRunner.main(TestRunner.java:21)
... Removed 26 stack frames]]>
    </failure>
  </testcase> <!-- VerifyPageTitleofthissite -->
</testsuite> <!-- Default test(failed) -->
