<?xml version="1.0" encoding="UTF-8"?>
<testng-results skipped="0" failed="0" total="1" passed="1">
  <reporter-output>
  </reporter-output>
  <suite name="Default suite" duration-ms="22868" started-at="2017-06-22T09:26:44Z" finished-at="2017-06-22T09:27:07Z">
    <groups>
    </groups>
    <test name="Default test" duration-ms="22868" started-at="2017-06-22T09:26:44Z" finished-at="2017-06-22T09:27:07Z">
      <class name="testcases.Log4jTestcase">
        <test-method status="PASS" signature="SetUP()[pri:0, instance:testcases.Log4jTestcase@3108bc]" name="SetUP" is-config="true" duration-ms="15900" started-at="2017-06-22T14:56:44Z" finished-at="2017-06-22T14:57:00Z">
          <reporter-output>
          </reporter-output>
        </test-method> <!-- SetUP -->
        <test-method status="PASS" signature="LoginTestcase()[pri:0, instance:testcases.Log4jTestcase@3108bc]" name="LoginTestcase" duration-ms="4691" started-at="2017-06-22T14:57:00Z" finished-at="2017-06-22T14:57:05Z">
          <reporter-output>
          </reporter-output>
        </test-method> <!-- LoginTestcase -->
        <test-method status="PASS" signature="TearDown()[pri:0, instance:testcases.Log4jTestcase@3108bc]" name="TearDown" is-config="true" duration-ms="2264" started-at="2017-06-22T14:57:05Z" finished-at="2017-06-22T14:57:07Z">
          <reporter-output>
          </reporter-output>
        </test-method> <!-- TearDown -->
      </class> <!-- testcases.Log4jTestcase -->
    </test> <!-- Default test -->
  </suite> <!-- Default suite -->
</testng-results>
