<?xml version="1.0" encoding="UTF-8"?>
<!-- Generated by org.testng.reporters.JUnitXMLReporter -->
<testsuite hostname="PC238680" name="Test in IE(failed)" tests="1" failures="1" timestamp="30 May 2017 09:52:19 GMT" time="16.577" errors="0">
  <testcase name="VerifyPageTitleTC" time="0.686" classname="runs.VerifyPageTitle">
    <failure type="java.lang.AssertionError" message="expected [true] but found [false]">
      <![CDATA[java.lang.AssertionError: expected [true] but found [false]
	at runs.VerifyPageTitle.VerifyPageTitleTC(VerifyPageTitle.java:18)
	at runners.TestRunner.main(TestRunner.java:23)
... Removed 25 stack frames]]>
    </failure>
  </testcase> <!-- VerifyPageTitleTC -->
</testsuite> <!-- Test in IE(failed) -->
