<?xml version="1.0" encoding="UTF-8"?>
<testng-results skipped="2" failed="2" total="4" passed="0">
  <reporter-output>
    <line>
      <![CDATA[Chrome Browser initalisation]]>
    </line>
    <line>
      <![CDATA[Window maximise]]>
    </line>
    <line>
      <![CDATA[Launch URL]]>
    </line>
    <line>
      <![CDATA[SimpleDemo-Started]]>
    </line>
    <line>
      <![CDATA[Chrome Browser initalisation]]>
    </line>
    <line>
      <![CDATA[IE Browser initalisation]]>
    </line>
  </reporter-output>
  <suite name="Suite" duration-ms="14198" started-at="2017-05-10T04:59:50Z" finished-at="2017-05-10T05:00:04Z">
    <groups>
    </groups>
    <test name="Test with Chrome" duration-ms="14142" started-at="2017-05-10T04:59:50Z" finished-at="2017-05-10T05:00:04Z">
      <class name="seleniumautomation.TC001">
        <test-method status="PASS" signature="browserinitalisation(java.lang.String)[pri:0, instance:seleniumautomation.TC001@1604f19]" name="browserinitalisation" is-config="true" duration-ms="9076" started-at="2017-05-10T10:29:50Z" finished-at="2017-05-10T10:29:59Z">
          <params>
            <param index="0">
              <value>
                <![CDATA[chrome]]>
              </value>
            </param>
          </params>
          <reporter-output>
            <line>
              <![CDATA[Chrome Browser initalisation]]>
            </line>
            <line>
              <![CDATA[Window maximise]]>
            </line>
            <line>
              <![CDATA[Launch URL]]>
            </line>
          </reporter-output>
        </test-method> <!-- browserinitalisation -->
        <test-method status="FAIL" signature="clickonpage()[pri:0, instance:seleniumautomation.TC001@1604f19]" name="clickonpage" duration-ms="5009" started-at="2017-05-10T10:29:59Z" finished-at="2017-05-10T10:30:04Z">
          <exception class="java.lang.NullPointerException">
            <full-stacktrace>
              <![CDATA[java.lang.NullPointerException
	at seleniumautomation.LocatorsPOM.Clickonstartpage(LocatorsPOM.java:33)
	at seleniumautomation.TC001.clickonpage(TC001.java:12)
	at sun.reflect.NativeMethodAccessorImpl.invoke0(Native Method)
	at sun.reflect.NativeMethodAccessorImpl.invoke(Unknown Source)
	at sun.reflect.DelegatingMethodAccessorImpl.invoke(Unknown Source)
	at java.lang.reflect.Method.invoke(Unknown Source)
	at org.testng.internal.MethodInvocationHelper.invokeMethod(MethodInvocationHelper.java:100)
	at org.testng.internal.Invoker.invokeMethod(Invoker.java:646)
	at org.testng.internal.Invoker.invokeTestMethod(Invoker.java:811)
	at org.testng.internal.Invoker.invokeTestMethods(Invoker.java:1129)
	at org.testng.internal.TestMethodWorker.invokeTestMethods(TestMethodWorker.java:129)
	at org.testng.internal.TestMethodWorker.run(TestMethodWorker.java:112)
	at org.testng.TestRunner.privateRun(TestRunner.java:746)
	at org.testng.TestRunner.run(TestRunner.java:600)
	at org.testng.SuiteRunner.runTest(SuiteRunner.java:366)
	at org.testng.SuiteRunner.runSequentially(SuiteRunner.java:361)
	at org.testng.SuiteRunner.privateRun(SuiteRunner.java:319)
	at org.testng.SuiteRunner.run(SuiteRunner.java:268)
	at org.testng.SuiteRunnerWorker.runSuite(SuiteRunnerWorker.java:52)
	at org.testng.SuiteRunnerWorker.run(SuiteRunnerWorker.java:86)
	at org.testng.TestNG.runSuitesSequentially(TestNG.java:1264)
	at org.testng.TestNG.runSuitesLocally(TestNG.java:1189)
	at org.testng.TestNG.runSuites(TestNG.java:1104)
	at org.testng.TestNG.run(TestNG.java:1076)
	at org.testng.remote.AbstractRemoteTestNG.run(AbstractRemoteTestNG.java:132)
	at org.testng.remote.RemoteTestNG.initAndRun(RemoteTestNG.java:230)
	at org.testng.remote.RemoteTestNG.main(RemoteTestNG.java:76)
]]>
            </full-stacktrace>
          </exception> <!-- java.lang.NullPointerException -->
          <reporter-output>
          </reporter-output>
        </test-method> <!-- clickonpage -->
        <test-method status="FAIL" signature="SimpleDemo()[pri:1, instance:seleniumautomation.TC001@1604f19]" name="SimpleDemo" duration-ms="3" started-at="2017-05-10T10:30:04Z" finished-at="2017-05-10T10:30:04Z">
          <exception class="java.lang.NullPointerException">
            <full-stacktrace>
              <![CDATA[java.lang.NullPointerException
	at seleniumautomation.LocatorsPOM.Singleinputfiled(LocatorsPOM.java:40)
	at seleniumautomation.TC001.SimpleDemo(TC001.java:23)
	at sun.reflect.NativeMethodAccessorImpl.invoke0(Native Method)
	at sun.reflect.NativeMethodAccessorImpl.invoke(Unknown Source)
	at sun.reflect.DelegatingMethodAccessorImpl.invoke(Unknown Source)
	at java.lang.reflect.Method.invoke(Unknown Source)
	at org.testng.internal.MethodInvocationHelper.invokeMethod(MethodInvocationHelper.java:100)
	at org.testng.internal.Invoker.invokeMethod(Invoker.java:646)
	at org.testng.internal.Invoker.invokeTestMethod(Invoker.java:811)
	at org.testng.internal.Invoker.invokeTestMethods(Invoker.java:1129)
	at org.testng.internal.TestMethodWorker.invokeTestMethods(TestMethodWorker.java:129)
	at org.testng.internal.TestMethodWorker.run(TestMethodWorker.java:112)
	at org.testng.TestRunner.privateRun(TestRunner.java:746)
	at org.testng.TestRunner.run(TestRunner.java:600)
	at org.testng.SuiteRunner.runTest(SuiteRunner.java:366)
	at org.testng.SuiteRunner.runSequentially(SuiteRunner.java:361)
	at org.testng.SuiteRunner.privateRun(SuiteRunner.java:319)
	at org.testng.SuiteRunner.run(SuiteRunner.java:268)
	at org.testng.SuiteRunnerWorker.runSuite(SuiteRunnerWorker.java:52)
	at org.testng.SuiteRunnerWorker.run(SuiteRunnerWorker.java:86)
	at org.testng.TestNG.runSuitesSequentially(TestNG.java:1264)
	at org.testng.TestNG.runSuitesLocally(TestNG.java:1189)
	at org.testng.TestNG.runSuites(TestNG.java:1104)
	at org.testng.TestNG.run(TestNG.java:1076)
	at org.testng.remote.AbstractRemoteTestNG.run(AbstractRemoteTestNG.java:132)
	at org.testng.remote.RemoteTestNG.initAndRun(RemoteTestNG.java:230)
	at org.testng.remote.RemoteTestNG.main(RemoteTestNG.java:76)
]]>
            </full-stacktrace>
          </exception> <!-- java.lang.NullPointerException -->
          <reporter-output>
            <line>
              <![CDATA[SimpleDemo-Started]]>
            </line>
          </reporter-output>
        </test-method> <!-- SimpleDemo -->
      </class> <!-- seleniumautomation.TC001 -->
    </test> <!-- Test with Chrome -->
    <test name="Test with IE" duration-ms="12" started-at="2017-05-10T05:00:04Z" finished-at="2017-05-10T05:00:04Z">
      <class name="seleniumautomation.TC001">
        <test-method status="FAIL" signature="browserinitalisation(java.lang.String)[pri:0, instance:seleniumautomation.TC001@3884b2]" name="browserinitalisation" is-config="true" duration-ms="0" started-at="2017-05-10T10:30:04Z" finished-at="2017-05-10T10:30:04Z">
          <params>
            <param index="0">
              <value>
                <![CDATA[ie]]>
              </value>
            </param>
          </params>
          <exception class="java.lang.IllegalStateException">
            <message>
              <![CDATA[The driver executable does not exist: D:\SeleniumIE\IEDriverServer]]>
            </message>
            <full-stacktrace>
              <![CDATA[java.lang.IllegalStateException: The driver executable does not exist: D:\SeleniumIE\IEDriverServer
	at com.google.common.base.Preconditions.checkState(Preconditions.java:469)
	at org.openqa.selenium.remote.service.DriverService.checkExecutable(DriverService.java:122)
	at org.openqa.selenium.remote.service.DriverService.findExecutable(DriverService.java:117)
	at org.openqa.selenium.ie.InternetExplorerDriverService.access$0(InternetExplorerDriverService.java:1)
	at org.openqa.selenium.ie.InternetExplorerDriverService$Builder.findDefaultExecutable(InternetExplorerDriverService.java:167)
	at org.openqa.selenium.remote.service.DriverService$Builder.build(DriverService.java:291)
	at org.openqa.selenium.ie.InternetExplorerDriver.setupService(InternetExplorerDriver.java:251)
	at org.openqa.selenium.ie.InternetExplorerDriver.<init>(InternetExplorerDriver.java:172)
	at org.openqa.selenium.ie.InternetExplorerDriver.<init>(InternetExplorerDriver.java:146)
	at seleniumautomation.Baseclass.browserinitalisation(Baseclass.java:32)
	at sun.reflect.NativeMethodAccessorImpl.invoke0(Native Method)
	at sun.reflect.NativeMethodAccessorImpl.invoke(Unknown Source)
	at sun.reflect.DelegatingMethodAccessorImpl.invoke(Unknown Source)
	at java.lang.reflect.Method.invoke(Unknown Source)
	at org.testng.internal.MethodInvocationHelper.invokeMethod(MethodInvocationHelper.java:100)
	at org.testng.internal.Invoker.invokeConfigurationMethod(Invoker.java:515)
	at org.testng.internal.Invoker.invokeConfigurations(Invoker.java:216)
	at org.testng.internal.Invoker.invokeConfigurations(Invoker.java:143)
	at org.testng.internal.TestMethodWorker.invokeBeforeClassMethods(TestMethodWorker.java:169)
	at org.testng.internal.TestMethodWorker.run(TestMethodWorker.java:108)
	at org.testng.TestRunner.privateRun(TestRunner.java:746)
	at org.testng.TestRunner.run(TestRunner.java:600)
	at org.testng.SuiteRunner.runTest(SuiteRunner.java:366)
	at org.testng.SuiteRunner.runSequentially(SuiteRunner.java:361)
	at org.testng.SuiteRunner.privateRun(SuiteRunner.java:319)
	at org.testng.SuiteRunner.run(SuiteRunner.java:268)
	at org.testng.SuiteRunnerWorker.runSuite(SuiteRunnerWorker.java:52)
	at org.testng.SuiteRunnerWorker.run(SuiteRunnerWorker.java:86)
	at org.testng.TestNG.runSuitesSequentially(TestNG.java:1264)
	at org.testng.TestNG.runSuitesLocally(TestNG.java:1189)
	at org.testng.TestNG.runSuites(TestNG.java:1104)
	at org.testng.TestNG.run(TestNG.java:1076)
	at org.testng.remote.AbstractRemoteTestNG.run(AbstractRemoteTestNG.java:132)
	at org.testng.remote.RemoteTestNG.initAndRun(RemoteTestNG.java:230)
	at org.testng.remote.RemoteTestNG.main(RemoteTestNG.java:76)
]]>
            </full-stacktrace>
          </exception> <!-- java.lang.IllegalStateException -->
          <reporter-output>
            <line>
              <![CDATA[Chrome Browser initalisation]]>
            </line>
            <line>
              <![CDATA[IE Browser initalisation]]>
            </line>
          </reporter-output>
        </test-method> <!-- browserinitalisation -->
        <test-method status="SKIP" signature="clickonpage()[pri:0, instance:seleniumautomation.TC001@3884b2]" name="clickonpage" duration-ms="1" started-at="2017-05-10T10:30:04Z" finished-at="2017-05-10T10:30:04Z">
          <reporter-output>
          </reporter-output>
        </test-method> <!-- clickonpage -->
        <test-method status="SKIP" signature="SimpleDemo()[pri:1, instance:seleniumautomation.TC001@3884b2]" name="SimpleDemo" duration-ms="1" started-at="2017-05-10T10:30:04Z" finished-at="2017-05-10T10:30:04Z">
          <reporter-output>
          </reporter-output>
        </test-method> <!-- SimpleDemo -->
      </class> <!-- seleniumautomation.TC001 -->
    </test> <!-- Test with IE -->
  </suite> <!-- Suite -->
</testng-results>
