<?xml version="1.0" encoding="UTF-8"?>
<!-- Generated by org.testng.reporters.JUnitXMLReporter -->
<testsuite hostname="PC238680" name="Test in Chrome" tests="3" failures="1" timestamp="30 May 2017 11:41:50 GMT" time="32.925" errors="0">
  <testcase name="Loginintotheapplication" time="4.686" classname="runs.LoginTest"/>
  <testcase name="Loginintotheapplication" time="3.985" classname="runs.VerifyPageTitle"/>
  <testcase name="VerifyPageTitleTC" time="0.134" classname="runs.VerifyPageTitle">
    <failure type="java.lang.AssertionError" message="expected [true] but found [false]">
      <![CDATA[java.lang.AssertionError: expected [true] but found [false]
	at runs.VerifyPageTitle.VerifyPageTitleTC(VerifyPageTitle.java:21)
... Removed 28 stack frames]]>
    </failure>
  </testcase> <!-- VerifyPageTitleTC -->
</testsuite> <!-- Test in Chrome -->
