<?xml version="1.0" encoding="UTF-8"?>
<!-- Generated by org.testng.reporters.JUnitXMLReporter -->
<testsuite hostname="PC238680" name="Test with valid credential in Chrome" tests="2" failures="0" timestamp="6 Jun 2017 09:50:11 GMT" time="11.81" errors="0">
  <testcase name="login" time="4.474" classname="runs.Loginwithparameters"/>
  <testcase name="logininvalid" time="0.001" classname="runs.Loginwithparameters">
    <skipped/>
  </testcase> <!-- logininvalid -->
</testsuite> <!-- Test with valid credential in Chrome -->
