<?xml version="1.0" encoding="UTF-8"?>
<!-- Generated by org.testng.reporters.JUnitXMLReporter -->
<testsuite hostname="PC238680" name="Test with invalid credential in Chrome" tests="2" failures="0" timestamp="6 Jun 2017 09:50:21 GMT" time="9.908" errors="0">
  <testcase name="login" time="0.001" classname="runs.Loginwithparameters">
    <skipped/>
  </testcase> <!-- login -->
  <testcase name="logininvalid" time="2.871" classname="runs.Loginwithparameters"/>
</testsuite> <!-- Test with invalid credential in Chrome -->
