<?xml version="1.0" encoding="UTF-8"?>
<!-- Generated by org.testng.reporters.JUnitXMLReporter -->
<testsuite hostname="PC238680" name="Test Login in Chrome" tests="1" failures="0" timestamp="6 Jun 2017 11:40:39 GMT" time="31.631" errors="0">
  <testcase name="@AfterMethod browserclose" time="0.0" classname="runs.Loginwithparameters">
    <failure type="java.lang.NullPointerException">
      <![CDATA[java.lang.NullPointerException
	at runs.TestBaseforBrowserlauch.browserclose(TestBaseforBrowserlauch.java:77)
... Removed 26 stack frames]]>
    </failure>
  </testcase> <!-- @AfterMethod browserclose -->
  <testcase name="loginwithvalid" time="15.381" classname="runs.Loginwithparameters"/>
</testsuite> <!-- Test Login in Chrome -->
