<?xml version="1.0" encoding="UTF-8"?>
<!-- Generated by org.testng.reporters.JUnitXMLReporter -->
<testsuite hostname="PC238680" name="Test with IE" tests="2" failures="0" timestamp="10 May 2017 05:00:04 GMT" time="0.012" errors="0">
  <testcase name="@BeforeClass browserinitalisation" time="0.0" classname="seleniumautomation.TC001">
    <failure type="java.lang.IllegalStateException" message="The driver executable does not exist: D:\SeleniumIE\IEDriverServer">
      <![CDATA[java.lang.IllegalStateException: The driver executable does not exist: D:\SeleniumIE\IEDriverServer
	at com.google.common.base.Preconditions.checkState(Preconditions.java:469)
	at org.openqa.selenium.remote.service.DriverService.checkExecutable(DriverService.java:122)
	at org.openqa.selenium.remote.service.DriverService.findExecutable(DriverService.java:117)
	at org.openqa.selenium.ie.InternetExplorerDriverService.access$0(InternetExplorerDriverService.java:1)
	at org.openqa.selenium.ie.InternetExplorerDriverService$Builder.findDefaultExecutable(InternetExplorerDriverService.java:167)
	at org.openqa.selenium.remote.service.DriverService$Builder.build(DriverService.java:291)
	at org.openqa.selenium.ie.InternetExplorerDriver.setupService(InternetExplorerDriver.java:251)
	at org.openqa.selenium.ie.InternetExplorerDriver.<init>(InternetExplorerDriver.java:172)
	at org.openqa.selenium.ie.InternetExplorerDriver.<init>(InternetExplorerDriver.java:146)
	at seleniumautomation.Baseclass.browserinitalisation(Baseclass.java:32)
... Removed 25 stack frames]]>
    </failure>
  </testcase> <!-- @BeforeClass browserinitalisation -->
  <testcase name="clickonpage" time="0.001" classname="seleniumautomation.TC001">
    <skipped/>
  </testcase> <!-- clickonpage -->
  <testcase name="SimpleDemo" time="0.001" classname="seleniumautomation.TC001">
    <skipped/>
  </testcase> <!-- SimpleDemo -->
</testsuite> <!-- Test with IE -->
