<?xml version="1.0" encoding="UTF-8"?>
<!-- Generated by org.testng.reporters.JUnitXMLReporter -->
<testsuite hostname="PC238680" name="Test with Chrome" tests="1" failures="1" timestamp="10 May 2017 05:37:39 GMT" time="16.347" errors="0">
  <testcase name="SimpleDemo" time="5.014" classname="seleniumautomation.TC001">
    <failure type="java.lang.NullPointerException">
      <![CDATA[java.lang.NullPointerException
	at seleniumautomation.LocatorsPOM.Singleinputfiled(LocatorsPOM.java:32)
	at seleniumautomation.TC001.SimpleDemo(TC001.java:15)
... Removed 25 stack frames]]>
    </failure>
  </testcase> <!-- SimpleDemo -->
</testsuite> <!-- Test with Chrome -->
